2019-05-15 09:06:02 5712 [Note] Plugin 'FEDERATED' is disabled.
2019-05-15 09:06:03 5712 [Note] InnoDB: Using atomics to ref count buffer pool pages
2019-05-15 09:06:03 5712 [Note] InnoDB: The InnoDB memory heap is disabled
2019-05-15 09:06:03 5712 [Note] InnoDB: Mutexes and rw_locks use Windows interlocked functions
2019-05-15 09:06:03 5712 [Note] InnoDB: Memory barrier is not used
2019-05-15 09:06:03 5712 [Note] InnoDB: Compressed tables use zlib 1.2.3
2019-05-15 09:06:03 5712 [Note] InnoDB: Not using CPU crc32 instructions
2019-05-15 09:06:03 5712 [Note] InnoDB: Initializing buffer pool, size = 128.0M
2019-05-15 09:06:03 5712 [Note] InnoDB: Completed initialization of buffer pool
2019-05-15 09:06:03 5712 [Note] InnoDB: Setting log file F:\usbwebserver_v8.6.2\usbwebserver\mysql\data\ib_logfile101 size to 5 MB
2019-05-15 09:06:03 5712 [Note] InnoDB: Setting log file F:\usbwebserver_v8.6.2\usbwebserver\mysql\data\ib_logfile1 size to 5 MB
2019-05-15 09:06:03 5712 [Note] InnoDB: Renaming log file F:\usbwebserver_v8.6.2\usbwebserver\mysql\data\ib_logfile101 to F:\usbwebserver_v8.6.2\usbwebserver\mysql\data\ib_logfile0
2019-05-15 09:06:03 5712 [Warning] InnoDB: New log files created, LSN=1626134
2019-05-15 09:06:03 5712 [Note] InnoDB: Highest supported file format is Barracuda.
2019-05-15 09:06:03 3da8 InnoDB: Error: page 5 log sequence number 1626646
InnoDB: is in the future! Current system log sequence number 1626636.
InnoDB: Your database may be corrupt or you may have copied the InnoDB
InnoDB: tablespace but not the InnoDB log files. See
InnoDB: http://dev.mysql.com/doc/refman/5.6/en/forcing-innodb-recovery.html
InnoDB: for more information.
2019-05-15 09:06:03 5712 [Note] InnoDB: 128 rollback segment(s) are active.
2019-05-15 09:06:03 5712 [Note] InnoDB: Waiting for purge to start
2019-05-15 09:06:03 5712 [Note] InnoDB: 5.6.34 started; log sequence number 1626636
2019-05-15 09:06:03 5712 [Warning] No existing UUID has been found, so we assume that this is the first time that this server has been started. Generating a new UUID: cff00192-7709-11e9-ab15-7085c24d99a6.
2019-05-15 09:06:03 5712 [Note] Server hostname (bind-address): '*'; port: 3306
2019-05-15 09:06:03 5712 [Note] IPv6 is available.
2019-05-15 09:06:03 5712 [Note]   - '::' resolves to '::';
2019-05-15 09:06:03 5712 [Note] Server socket created on IP: '::'.
