2022-01-31 08:35:02 22576 [Note] Plugin 'FEDERATED' is disabled.
2022-01-31 08:35:02 22576 [Note] InnoDB: Using atomics to ref count buffer pool pages
2022-01-31 08:35:02 22576 [Note] InnoDB: The InnoDB memory heap is disabled
2022-01-31 08:35:02 22576 [Note] InnoDB: Mutexes and rw_locks use Windows interlocked functions
2022-01-31 08:35:02 22576 [Note] InnoDB: Memory barrier is not used
2022-01-31 08:35:02 22576 [Note] InnoDB: Compressed tables use zlib 1.2.3
2022-01-31 08:35:02 22576 [Note] InnoDB: Not using CPU crc32 instructions
2022-01-31 08:35:02 22576 [Note] InnoDB: Initializing buffer pool, size = 128.0M
2022-01-31 08:35:02 22576 [Note] InnoDB: Completed initialization of buffer pool
2022-01-31 08:35:02 22576 [Note] InnoDB: Highest supported file format is Barracuda.
2022-01-31 08:35:02 22576 [Note] InnoDB: The log sequence numbers 1626134 and 1626134 in ibdata files do not match the log sequence number 1627452 in the ib_logfiles!
2022-01-31 08:35:02 22576 [Note] InnoDB: Database was not shutdown normally!
2022-01-31 08:35:02 22576 [Note] InnoDB: Starting crash recovery.
2022-01-31 08:35:02 22576 [Note] InnoDB: Reading tablespace information from the .ibd files...
2022-01-31 08:35:02 22576 [Note] InnoDB: Restoring possible half-written data pages 
2022-01-31 08:35:02 22576 [Note] InnoDB: from the doublewrite buffer...
2022-01-31 08:35:02 22576 [Note] InnoDB: 128 rollback segment(s) are active.
2022-01-31 08:35:02 22576 [Note] InnoDB: Waiting for purge to start
2022-01-31 08:35:02 22576 [Note] InnoDB: 5.6.34 started; log sequence number 1627452
2022-01-31 08:35:02 22576 [Note] Server hostname (bind-address): '*'; port: 3306
2022-01-31 08:35:02 22576 [Note] IPv6 is available.
2022-01-31 08:35:02 22576 [Note]   - '::' resolves to '::';
2022-01-31 08:35:02 22576 [Note] Server socket created on IP: '::'.
2022-02-23 14:13:15 11784 [Note] Plugin 'FEDERATED' is disabled.
2022-02-23 14:13:15 11784 [Note] InnoDB: Using atomics to ref count buffer pool pages
2022-02-23 14:13:15 11784 [Note] InnoDB: The InnoDB memory heap is disabled
2022-02-23 14:13:15 11784 [Note] InnoDB: Mutexes and rw_locks use Windows interlocked functions
2022-02-23 14:13:15 11784 [Note] InnoDB: Memory barrier is not used
2022-02-23 14:13:15 11784 [Note] InnoDB: Compressed tables use zlib 1.2.3
2022-02-23 14:13:15 11784 [Note] InnoDB: Not using CPU crc32 instructions
2022-02-23 14:13:15 11784 [Note] InnoDB: Initializing buffer pool, size = 128.0M
2022-02-23 14:13:15 11784 [Note] InnoDB: Completed initialization of buffer pool
2022-02-23 14:13:15 11784 [Note] InnoDB: Highest supported file format is Barracuda.
2022-02-23 14:13:15 11784 [Note] InnoDB: The log sequence numbers 1626134 and 1626134 in ibdata files do not match the log sequence number 1627462 in the ib_logfiles!
2022-02-23 14:13:15 11784 [Note] InnoDB: Database was not shutdown normally!
2022-02-23 14:13:15 11784 [Note] InnoDB: Starting crash recovery.
2022-02-23 14:13:15 11784 [Note] InnoDB: Reading tablespace information from the .ibd files...
2022-02-23 14:13:15 11784 [Note] InnoDB: Restoring possible half-written data pages 
2022-02-23 14:13:15 11784 [Note] InnoDB: from the doublewrite buffer...
2022-02-23 14:13:15 11784 [Note] InnoDB: 128 rollback segment(s) are active.
2022-02-23 14:13:15 11784 [Note] InnoDB: Waiting for purge to start
2022-02-23 14:13:16 11784 [Note] InnoDB: 5.6.34 started; log sequence number 1627462
2022-02-23 14:13:16 11784 [Note] Server hostname (bind-address): '*'; port: 3306
2022-02-23 14:13:16 11784 [Note] IPv6 is available.
2022-02-23 14:13:16 11784 [Note]   - '::' resolves to '::';
2022-02-23 14:13:16 11784 [Note] Server socket created on IP: '::'.
