2025-06-12 13:57:09 27492 [Note] Plugin 'FEDERATED' is disabled.
2025-06-12 13:57:09 27492 [Note] InnoDB: Using atomics to ref count buffer pool pages
2025-06-12 13:57:09 27492 [Note] InnoDB: The InnoDB memory heap is disabled
2025-06-12 13:57:09 27492 [Note] InnoDB: Mutexes and rw_locks use Windows interlocked functions
2025-06-12 13:57:09 27492 [Note] InnoDB: Memory barrier is not used
2025-06-12 13:57:09 27492 [Note] InnoDB: Compressed tables use zlib 1.2.3
2025-06-12 13:57:09 27492 [Note] InnoDB: Not using CPU crc32 instructions
2025-06-12 13:57:09 27492 [Note] InnoDB: Initializing buffer pool, size = 128.0M
2025-06-12 13:57:09 27492 [Note] InnoDB: Completed initialization of buffer pool
2025-06-12 13:57:09 27492 [Note] InnoDB: Highest supported file format is Barracuda.
2025-06-12 13:57:09 27492 [Note] InnoDB: The log sequence numbers 1628314 and 1628314 in ibdata files do not match the log sequence number 1628760 in the ib_logfiles!
2025-06-12 13:57:09 27492 [Note] InnoDB: Database was not shutdown normally!
2025-06-12 13:57:09 27492 [Note] InnoDB: Starting crash recovery.
2025-06-12 13:57:09 27492 [Note] InnoDB: Reading tablespace information from the .ibd files...
2025-06-12 13:57:09 27492 [Note] InnoDB: Restoring possible half-written data pages 
2025-06-12 13:57:09 27492 [Note] InnoDB: from the doublewrite buffer...
2025-06-12 13:57:10 27492 [Note] InnoDB: 128 rollback segment(s) are active.
2025-06-12 13:57:10 27492 [Note] InnoDB: Waiting for purge to start
2025-06-12 13:57:10 27492 [Note] InnoDB: 5.6.34 started; log sequence number 1628760
2025-06-12 13:57:10 27492 [Note] Server hostname (bind-address): '*'; port: 3306
2025-06-12 13:57:10 27492 [Note] IPv6 is available.
2025-06-12 13:57:10 27492 [Note]   - '::' resolves to '::';
2025-06-12 13:57:10 27492 [Note] Server socket created on IP: '::'.
2025-06-12 13:57:38 11700 [Note] Plugin 'FEDERATED' is disabled.
2025-06-12 13:57:38 11700 [Note] InnoDB: Using atomics to ref count buffer pool pages
2025-06-12 13:57:38 11700 [Note] InnoDB: The InnoDB memory heap is disabled
2025-06-12 13:57:38 11700 [Note] InnoDB: Mutexes and rw_locks use Windows interlocked functions
2025-06-12 13:57:38 11700 [Note] InnoDB: Memory barrier is not used
2025-06-12 13:57:38 11700 [Note] InnoDB: Compressed tables use zlib 1.2.3
2025-06-12 13:57:38 11700 [Note] InnoDB: Not using CPU crc32 instructions
2025-06-12 13:57:38 11700 [Note] InnoDB: Initializing buffer pool, size = 128.0M
2025-06-12 13:57:38 11700 [Note] InnoDB: Completed initialization of buffer pool
2025-06-12 13:57:38 11700 [ERROR] InnoDB: D:\Dev\Gerador-Webscan-2.0\Gerador_de_Webscan_2023_Python\Webscan\mysql\data\ibdata1 can't be opened in read-write mode
2025-06-12 13:57:38 11700 [ERROR] InnoDB: The system tablespace must be writable!
2025-06-12 13:57:38 11700 [ERROR] Plugin 'InnoDB' init function returned error.
2025-06-12 13:57:38 11700 [ERROR] Plugin 'InnoDB' registration as a STORAGE ENGINE failed.
2025-06-12 13:57:38 11700 [ERROR] Unknown/unsupported storage engine: InnoDB
2025-06-12 13:57:38 11700 [ERROR] Aborting

2025-06-12 13:57:38 11700 [Note] Binlog end
2025-06-12 13:57:38 11700 [Note] Shutting down plugin 'partition'
2025-06-12 13:57:38 11700 [Note] Shutting down plugin 'PERFORMANCE_SCHEMA'
2025-06-12 13:57:38 11700 [Note] Shutting down plugin 'INNODB_SYS_DATAFILES'
2025-06-12 13:57:38 11700 [Note] Shutting down plugin 'INNODB_SYS_TABLESPACES'
2025-06-12 13:57:38 11700 [Note] Shutting down plugin 'INNODB_SYS_FOREIGN_COLS'
2025-06-12 13:57:38 11700 [Note] Shutting down plugin 'INNODB_SYS_FOREIGN'
2025-06-12 13:57:38 11700 [Note] Shutting down plugin 'INNODB_SYS_FIELDS'
2025-06-12 13:57:38 11700 [Note] Shutting down plugin 'INNODB_SYS_COLUMNS'
2025-06-12 13:57:38 11700 [Note] Shutting down plugin 'INNODB_SYS_INDEXES'
2025-06-12 13:57:38 11700 [Note] Shutting down plugin 'INNODB_SYS_TABLESTATS'
2025-06-12 13:57:38 11700 [Note] Shutting down plugin 'INNODB_SYS_TABLES'
2025-06-12 13:57:38 11700 [Note] Shutting down plugin 'INNODB_FT_INDEX_TABLE'
2025-06-12 13:57:38 11700 [Note] Shutting down plugin 'INNODB_FT_INDEX_CACHE'
2025-06-12 13:57:38 11700 [Note] Shutting down plugin 'INNODB_FT_CONFIG'
2025-06-12 13:57:38 11700 [Note] Shutting down plugin 'INNODB_FT_BEING_DELETED'
2025-06-12 13:57:38 11700 [Note] Shutting down plugin 'INNODB_FT_DELETED'
2025-06-12 13:57:38 11700 [Note] Shutting down plugin 'INNODB_FT_DEFAULT_STOPWORD'
2025-06-12 13:57:38 11700 [Note] Shutting down plugin 'INNODB_METRICS'
2025-06-12 13:57:38 11700 [Note] Shutting down plugin 'INNODB_BUFFER_POOL_STATS'
2025-06-12 13:57:38 11700 [Note] Shutting down plugin 'INNODB_BUFFER_PAGE_LRU'
2025-06-12 13:57:38 11700 [Note] Shutting down plugin 'INNODB_BUFFER_PAGE'
2025-06-12 13:57:38 11700 [Note] Shutting down plugin 'INNODB_CMP_PER_INDEX_RESET'
2025-06-12 13:57:38 11700 [Note] Shutting down plugin 'INNODB_CMP_PER_INDEX'
2025-06-12 13:57:38 11700 [Note] Shutting down plugin 'INNODB_CMPMEM_RESET'
2025-06-12 13:57:38 11700 [Note] Shutting down plugin 'INNODB_CMPMEM'
2025-06-12 13:57:38 11700 [Note] Shutting down plugin 'INNODB_CMP_RESET'
2025-06-12 13:57:38 11700 [Note] Shutting down plugin 'INNODB_CMP'
2025-06-12 13:57:38 11700 [Note] Shutting down plugin 'INNODB_LOCK_WAITS'
2025-06-12 13:57:38 11700 [Note] Shutting down plugin 'INNODB_LOCKS'
2025-06-12 13:57:38 11700 [Note] Shutting down plugin 'INNODB_TRX'
2025-06-12 13:57:38 11700 [Note] Shutting down plugin 'BLACKHOLE'
2025-06-12 13:57:38 11700 [Note] Shutting down plugin 'ARCHIVE'
2025-06-12 13:57:38 11700 [Note] Shutting down plugin 'MRG_MYISAM'
2025-06-12 13:57:38 11700 [Note] Shutting down plugin 'MyISAM'
2025-06-12 13:57:38 11700 [Note] Shutting down plugin 'MEMORY'
2025-06-12 13:57:38 11700 [Note] Shutting down plugin 'CSV'
2025-06-12 13:57:38 11700 [Note] Shutting down plugin 'sha256_password'
2025-06-12 13:57:38 11700 [Note] Shutting down plugin 'mysql_old_password'
2025-06-12 13:57:38 11700 [Note] Shutting down plugin 'mysql_native_password'
2025-06-12 13:57:38 11700 [Note] Shutting down plugin 'binlog'
2025-06-12 13:57:38 11700 [Note] D:\Dev\Gerador-Webscan-2.0\Gerador_de_Webscan_2023_Python\Webscan/mysql/bin/mysqld_usbwv8.exe: Shutdown complete

