2019-07-05 10:19:41 10468 [Note] Plugin 'FEDERATED' is disabled.
2019-07-05 10:19:41 10468 [Note] InnoDB: Using atomics to ref count buffer pool pages
2019-07-05 10:19:41 10468 [Note] InnoDB: The InnoDB memory heap is disabled
2019-07-05 10:19:41 10468 [Note] InnoDB: Mutexes and rw_locks use Windows interlocked functions
2019-07-05 10:19:41 10468 [Note] InnoDB: Memory barrier is not used
2019-07-05 10:19:41 10468 [Note] InnoDB: Compressed tables use zlib 1.2.3
2019-07-05 10:19:41 10468 [Note] InnoDB: Not using CPU crc32 instructions
2019-07-05 10:19:41 10468 [Note] InnoDB: Initializing buffer pool, size = 128.0M
2019-07-05 10:19:41 10468 [Note] InnoDB: Completed initialization of buffer pool
2019-07-05 10:19:41 10468 [Note] InnoDB: Highest supported file format is Barracuda.
2019-07-05 10:19:41 10468 [Note] InnoDB: The log sequence numbers 1626134 and 1626134 in ibdata files do not match the log sequence number 1626646 in the ib_logfiles!
2019-07-05 10:19:41 10468 [Note] InnoDB: Database was not shutdown normally!
2019-07-05 10:19:41 10468 [Note] InnoDB: Starting crash recovery.
2019-07-05 10:19:41 10468 [Note] InnoDB: Reading tablespace information from the .ibd files...
2019-07-05 10:19:41 10468 [Note] InnoDB: Restoring possible half-written data pages 
2019-07-05 10:19:41 10468 [Note] InnoDB: from the doublewrite buffer...
2019-07-05 10:19:42 10468 [Note] InnoDB: 128 rollback segment(s) are active.
2019-07-05 10:19:42 10468 [Note] InnoDB: Waiting for purge to start
2019-07-05 10:19:42 10468 [Note] InnoDB: 5.6.34 started; log sequence number 1626646
2019-07-05 10:19:42 10468 [Note] Server hostname (bind-address): '*'; port: 3306
2019-07-05 10:19:42 10468 [Note] IPv6 is available.
2019-07-05 10:19:42 10468 [Note]   - '::' resolves to '::';
2019-07-05 10:19:42 10468 [Note] Server socket created on IP: '::'.
2019-07-08 12:06:57 18760 [Note] Plugin 'FEDERATED' is disabled.
2019-07-08 12:06:57 18760 [Note] InnoDB: Using atomics to ref count buffer pool pages
2019-07-08 12:06:57 18760 [Note] InnoDB: The InnoDB memory heap is disabled
2019-07-08 12:06:57 18760 [Note] InnoDB: Mutexes and rw_locks use Windows interlocked functions
2019-07-08 12:06:57 18760 [Note] InnoDB: Memory barrier is not used
2019-07-08 12:06:57 18760 [Note] InnoDB: Compressed tables use zlib 1.2.3
2019-07-08 12:06:57 18760 [Note] InnoDB: Not using CPU crc32 instructions
2019-07-08 12:06:57 18760 [Note] InnoDB: Initializing buffer pool, size = 128.0M
2019-07-08 12:06:57 18760 [Note] InnoDB: Completed initialization of buffer pool
2019-07-08 12:06:57 18760 [Note] InnoDB: Highest supported file format is Barracuda.
2019-07-08 12:06:57 18760 [Note] InnoDB: The log sequence numbers 1626134 and 1626134 in ibdata files do not match the log sequence number 1626656 in the ib_logfiles!
2019-07-08 12:06:57 18760 [Note] InnoDB: Database was not shutdown normally!
2019-07-08 12:06:57 18760 [Note] InnoDB: Starting crash recovery.
2019-07-08 12:06:57 18760 [Note] InnoDB: Reading tablespace information from the .ibd files...
2019-07-08 12:06:58 18760 [Note] InnoDB: Restoring possible half-written data pages 
2019-07-08 12:06:58 18760 [Note] InnoDB: from the doublewrite buffer...
2019-07-08 12:06:58 18760 [Note] InnoDB: 128 rollback segment(s) are active.
2019-07-08 12:06:58 18760 [Note] InnoDB: Waiting for purge to start
2019-07-08 12:06:58 18760 [Note] InnoDB: 5.6.34 started; log sequence number 1626656
2019-07-08 12:06:58 18760 [Note] Server hostname (bind-address): '*'; port: 3306
2019-07-08 12:06:58 18760 [Note] IPv6 is available.
2019-07-08 12:06:58 18760 [Note]   - '::' resolves to '::';
2019-07-08 12:06:58 18760 [Note] Server socket created on IP: '::'.
