2021-07-16 09:26:47 6152 [Note] Plugin 'FEDERATED' is disabled.
2021-07-16 09:26:47 6152 [Note] InnoDB: Using atomics to ref count buffer pool pages
2021-07-16 09:26:47 6152 [Note] InnoDB: The InnoDB memory heap is disabled
2021-07-16 09:26:47 6152 [Note] InnoDB: Mutexes and rw_locks use Windows interlocked functions
2021-07-16 09:26:47 6152 [Note] InnoDB: Memory barrier is not used
2021-07-16 09:26:47 6152 [Note] InnoDB: Compressed tables use zlib 1.2.3
2021-07-16 09:26:47 6152 [Note] InnoDB: Not using CPU crc32 instructions
2021-07-16 09:26:47 6152 [Note] InnoDB: Initializing buffer pool, size = 128.0M
2021-07-16 09:26:47 6152 [Note] InnoDB: Completed initialization of buffer pool
2021-07-16 09:26:48 6152 [Note] InnoDB: Highest supported file format is Barracuda.
2021-07-16 09:26:48 6152 [Note] InnoDB: The log sequence numbers 1626134 and 1626134 in ibdata files do not match the log sequence number 1627422 in the ib_logfiles!
2021-07-16 09:26:48 6152 [Note] InnoDB: Database was not shutdown normally!
2021-07-16 09:26:48 6152 [Note] InnoDB: Starting crash recovery.
2021-07-16 09:26:48 6152 [Note] InnoDB: Reading tablespace information from the .ibd files...
2021-07-16 09:26:48 6152 [Note] InnoDB: Restoring possible half-written data pages 
2021-07-16 09:26:48 6152 [Note] InnoDB: from the doublewrite buffer...
2021-07-16 09:26:48 6152 [Note] InnoDB: 128 rollback segment(s) are active.
2021-07-16 09:26:48 6152 [Note] InnoDB: Waiting for purge to start
2021-07-16 09:26:48 6152 [Note] InnoDB: 5.6.34 started; log sequence number 1627422
2021-07-16 09:26:48 6152 [Note] Server hostname (bind-address): '*'; port: 3306
2021-07-16 09:26:48 6152 [Note] IPv6 is available.
2021-07-16 09:26:48 6152 [Note]   - '::' resolves to '::';
2021-07-16 09:26:48 6152 [Note] Server socket created on IP: '::'.
2021-07-16 09:49:06 3676 [Note] Plugin 'FEDERATED' is disabled.
2021-07-16 09:49:06 3676 [Note] InnoDB: Using atomics to ref count buffer pool pages
2021-07-16 09:49:06 3676 [Note] InnoDB: The InnoDB memory heap is disabled
2021-07-16 09:49:06 3676 [Note] InnoDB: Mutexes and rw_locks use Windows interlocked functions
2021-07-16 09:49:06 3676 [Note] InnoDB: Memory barrier is not used
2021-07-16 09:49:06 3676 [Note] InnoDB: Compressed tables use zlib 1.2.3
2021-07-16 09:49:06 3676 [Note] InnoDB: Not using CPU crc32 instructions
2021-07-16 09:49:06 3676 [Note] InnoDB: Initializing buffer pool, size = 128.0M
2021-07-16 09:49:06 3676 [Note] InnoDB: Completed initialization of buffer pool
2021-07-16 09:49:06 3676 [ERROR] InnoDB: F:\Webscan3D\2021\FPSO_FradeMod15\Gerador-Webscan3D\mysql\data\ibdata1 can't be opened in read-write mode
2021-07-16 09:49:06 3676 [ERROR] InnoDB: The system tablespace must be writable!
2021-07-16 09:49:06 3676 [ERROR] Plugin 'InnoDB' init function returned error.
2021-07-16 09:49:06 3676 [ERROR] Plugin 'InnoDB' registration as a STORAGE ENGINE failed.
2021-07-16 09:49:06 3676 [ERROR] Unknown/unsupported storage engine: InnoDB
2021-07-16 09:49:06 3676 [ERROR] Aborting

2021-07-16 09:49:06 3676 [Note] Binlog end
2021-07-16 09:49:06 3676 [Note] Shutting down plugin 'partition'
2021-07-16 09:49:06 3676 [Note] Shutting down plugin 'PERFORMANCE_SCHEMA'
2021-07-16 09:49:06 3676 [Note] Shutting down plugin 'INNODB_SYS_DATAFILES'
2021-07-16 09:49:06 3676 [Note] Shutting down plugin 'INNODB_SYS_TABLESPACES'
2021-07-16 09:49:06 3676 [Note] Shutting down plugin 'INNODB_SYS_FOREIGN_COLS'
2021-07-16 09:49:06 3676 [Note] Shutting down plugin 'INNODB_SYS_FOREIGN'
2021-07-16 09:49:06 3676 [Note] Shutting down plugin 'INNODB_SYS_FIELDS'
2021-07-16 09:49:06 3676 [Note] Shutting down plugin 'INNODB_SYS_COLUMNS'
2021-07-16 09:49:06 3676 [Note] Shutting down plugin 'INNODB_SYS_INDEXES'
2021-07-16 09:49:06 3676 [Note] Shutting down plugin 'INNODB_SYS_TABLESTATS'
2021-07-16 09:49:06 3676 [Note] Shutting down plugin 'INNODB_SYS_TABLES'
2021-07-16 09:49:06 3676 [Note] Shutting down plugin 'INNODB_FT_INDEX_TABLE'
2021-07-16 09:49:06 3676 [Note] Shutting down plugin 'INNODB_FT_INDEX_CACHE'
2021-07-16 09:49:06 3676 [Note] Shutting down plugin 'INNODB_FT_CONFIG'
2021-07-16 09:49:06 3676 [Note] Shutting down plugin 'INNODB_FT_BEING_DELETED'
2021-07-16 09:49:06 3676 [Note] Shutting down plugin 'INNODB_FT_DELETED'
2021-07-16 09:49:06 3676 [Note] Shutting down plugin 'INNODB_FT_DEFAULT_STOPWORD'
2021-07-16 09:49:06 3676 [Note] Shutting down plugin 'INNODB_METRICS'
2021-07-16 09:49:06 3676 [Note] Shutting down plugin 'INNODB_BUFFER_POOL_STATS'
2021-07-16 09:49:06 3676 [Note] Shutting down plugin 'INNODB_BUFFER_PAGE_LRU'
2021-07-16 09:49:06 3676 [Note] Shutting down plugin 'INNODB_BUFFER_PAGE'
2021-07-16 09:49:06 3676 [Note] Shutting down plugin 'INNODB_CMP_PER_INDEX_RESET'
2021-07-16 09:49:06 3676 [Note] Shutting down plugin 'INNODB_CMP_PER_INDEX'
2021-07-16 09:49:06 3676 [Note] Shutting down plugin 'INNODB_CMPMEM_RESET'
2021-07-16 09:49:06 3676 [Note] Shutting down plugin 'INNODB_CMPMEM'
2021-07-16 09:49:06 3676 [Note] Shutting down plugin 'INNODB_CMP_RESET'
2021-07-16 09:49:06 3676 [Note] Shutting down plugin 'INNODB_CMP'
2021-07-16 09:49:06 3676 [Note] Shutting down plugin 'INNODB_LOCK_WAITS'
2021-07-16 09:49:06 3676 [Note] Shutting down plugin 'INNODB_LOCKS'
2021-07-16 09:49:06 3676 [Note] Shutting down plugin 'INNODB_TRX'
2021-07-16 09:49:06 3676 [Note] Shutting down plugin 'BLACKHOLE'
2021-07-16 09:49:06 3676 [Note] Shutting down plugin 'ARCHIVE'
2021-07-16 09:49:06 3676 [Note] Shutting down plugin 'MRG_MYISAM'
2021-07-16 09:49:06 3676 [Note] Shutting down plugin 'MyISAM'
2021-07-16 09:49:06 3676 [Note] Shutting down plugin 'MEMORY'
2021-07-16 09:49:06 3676 [Note] Shutting down plugin 'CSV'
2021-07-16 09:49:06 3676 [Note] Shutting down plugin 'sha256_password'
2021-07-16 09:49:06 3676 [Note] Shutting down plugin 'mysql_old_password'
2021-07-16 09:49:06 3676 [Note] Shutting down plugin 'mysql_native_password'
2021-07-16 09:49:06 3676 [Note] Shutting down plugin 'binlog'
2021-07-16 09:49:06 3676 [Note] F:\Webscan3D\2021\FPSO_FradeMod15\Gerador-Webscan3D/mysql/bin/mysqld_usbwv8.exe: Shutdown complete

2021-07-20 08:56:48 10448 [Note] Plugin 'FEDERATED' is disabled.
2021-07-20 08:56:48 10448 [Note] InnoDB: Using atomics to ref count buffer pool pages
2021-07-20 08:56:48 10448 [Note] InnoDB: The InnoDB memory heap is disabled
2021-07-20 08:56:48 10448 [Note] InnoDB: Mutexes and rw_locks use Windows interlocked functions
2021-07-20 08:56:48 10448 [Note] InnoDB: Memory barrier is not used
2021-07-20 08:56:48 10448 [Note] InnoDB: Compressed tables use zlib 1.2.3
2021-07-20 08:56:48 10448 [Note] InnoDB: Not using CPU crc32 instructions
2021-07-20 08:56:48 10448 [Note] InnoDB: Initializing buffer pool, size = 128.0M
2021-07-20 08:56:48 10448 [Note] InnoDB: Completed initialization of buffer pool
2021-07-20 08:56:49 10448 [Note] InnoDB: Highest supported file format is Barracuda.
2021-07-20 08:56:49 10448 [Note] InnoDB: The log sequence numbers 1626134 and 1626134 in ibdata files do not match the log sequence number 1627432 in the ib_logfiles!
2021-07-20 08:56:49 10448 [Note] InnoDB: Database was not shutdown normally!
2021-07-20 08:56:49 10448 [Note] InnoDB: Starting crash recovery.
2021-07-20 08:56:49 10448 [Note] InnoDB: Reading tablespace information from the .ibd files...
2021-07-20 08:56:49 10448 [Note] InnoDB: Restoring possible half-written data pages 
2021-07-20 08:56:49 10448 [Note] InnoDB: from the doublewrite buffer...
2021-07-20 08:56:50 10448 [Note] InnoDB: 128 rollback segment(s) are active.
2021-07-20 08:56:50 10448 [Note] InnoDB: Waiting for purge to start
2021-07-20 08:56:50 10448 [Note] InnoDB: 5.6.34 started; log sequence number 1627432
2021-07-20 08:56:50 10448 [Note] Server hostname (bind-address): '*'; port: 3306
2021-07-20 08:56:50 10448 [Note] IPv6 is available.
2021-07-20 08:56:50 10448 [Note]   - '::' resolves to '::';
2021-07-20 08:56:50 10448 [Note] Server socket created on IP: '::'.
2021-07-20 08:56:51 10448 [Note] Event Scheduler: Loaded 0 events
2021-07-20 08:56:51 10448 [Note] F:\Webscan3D\2021\Cisne\Gerador-Webscan3D/mysql/bin/mysqld_usbwv8.exe: ready for connections.
Version: '5.6.34'  socket: ''  port: 3306  MySQL Community Server (GPL)
2021-07-20 11:56:50 6828 [Note] Plugin 'FEDERATED' is disabled.
2021-07-20 11:56:50 6828 [Note] InnoDB: Using atomics to ref count buffer pool pages
2021-07-20 11:56:50 6828 [Note] InnoDB: The InnoDB memory heap is disabled
2021-07-20 11:56:50 6828 [Note] InnoDB: Mutexes and rw_locks use Windows interlocked functions
2021-07-20 11:56:50 6828 [Note] InnoDB: Memory barrier is not used
2021-07-20 11:56:50 6828 [Note] InnoDB: Compressed tables use zlib 1.2.3
2021-07-20 11:56:50 6828 [Note] InnoDB: Not using CPU crc32 instructions
2021-07-20 11:56:50 6828 [Note] InnoDB: Initializing buffer pool, size = 128.0M
2021-07-20 11:56:50 6828 [Note] InnoDB: Completed initialization of buffer pool
2021-07-20 11:56:50 6828 [Note] InnoDB: Highest supported file format is Barracuda.
2021-07-20 11:56:50 6828 [Note] InnoDB: The log sequence numbers 1626134 and 1626134 in ibdata files do not match the log sequence number 1627442 in the ib_logfiles!
2021-07-20 11:56:50 6828 [Note] InnoDB: Database was not shutdown normally!
2021-07-20 11:56:50 6828 [Note] InnoDB: Starting crash recovery.
2021-07-20 11:56:50 6828 [Note] InnoDB: Reading tablespace information from the .ibd files...
2021-07-20 11:56:50 6828 [Note] InnoDB: Restoring possible half-written data pages 
2021-07-20 11:56:50 6828 [Note] InnoDB: from the doublewrite buffer...
2021-07-20 11:56:51 6828 [Note] InnoDB: 128 rollback segment(s) are active.
2021-07-20 11:56:51 6828 [Note] InnoDB: Waiting for purge to start
2021-07-20 11:56:51 6828 [Note] InnoDB: 5.6.34 started; log sequence number 1627442
2021-07-20 11:56:51 6828 [Note] Server hostname (bind-address): '*'; port: 3306
2021-07-20 11:56:51 6828 [Note] IPv6 is available.
2021-07-20 11:56:51 6828 [Note]   - '::' resolves to '::';
2021-07-20 11:56:51 6828 [Note] Server socket created on IP: '::'.
