2020-08-04 15:55:58 11900 [Note] Plugin 'FEDERATED' is disabled.
2020-08-04 15:55:58 11900 [Note] InnoDB: Using atomics to ref count buffer pool pages
2020-08-04 15:55:58 11900 [Note] InnoDB: The InnoDB memory heap is disabled
2020-08-04 15:55:58 11900 [Note] InnoDB: Mutexes and rw_locks use Windows interlocked functions
2020-08-04 15:55:58 11900 [Note] InnoDB: Memory barrier is not used
2020-08-04 15:55:58 11900 [Note] InnoDB: Compressed tables use zlib 1.2.3
2020-08-04 15:55:58 11900 [Note] InnoDB: Not using CPU crc32 instructions
2020-08-04 15:55:58 11900 [Note] InnoDB: Initializing buffer pool, size = 128.0M
2020-08-04 15:55:58 11900 [Note] InnoDB: Completed initialization of buffer pool
2020-08-04 15:55:58 11900 [Note] InnoDB: Highest supported file format is Barracuda.
2020-08-04 15:55:58 11900 [Note] InnoDB: The log sequence numbers 1626134 and 1626134 in ibdata files do not match the log sequence number 1626886 in the ib_logfiles!
2020-08-04 15:55:58 11900 [Note] InnoDB: Database was not shutdown normally!
2020-08-04 15:55:58 11900 [Note] InnoDB: Starting crash recovery.
2020-08-04 15:55:58 11900 [Note] InnoDB: Reading tablespace information from the .ibd files...
2020-08-04 15:55:58 11900 [Note] InnoDB: Restoring possible half-written data pages 
2020-08-04 15:55:58 11900 [Note] InnoDB: from the doublewrite buffer...
2020-08-04 15:55:58 11900 [Note] InnoDB: 128 rollback segment(s) are active.
2020-08-04 15:55:58 11900 [Note] InnoDB: Waiting for purge to start
2020-08-04 15:55:58 11900 [Note] InnoDB: 5.6.34 started; log sequence number 1626886
2020-08-04 15:55:58 11900 [Note] Server hostname (bind-address): '*'; port: 3306
2020-08-04 15:55:58 11900 [Note] IPv6 is available.
2020-08-04 15:55:58 11900 [Note]   - '::' resolves to '::';
2020-08-04 15:55:58 11900 [Note] Server socket created on IP: '::'.
2020-08-05 09:55:05 11876 [Note] Plugin 'FEDERATED' is disabled.
2020-08-05 09:55:05 11876 [Note] InnoDB: Using atomics to ref count buffer pool pages
2020-08-05 09:55:05 11876 [Note] InnoDB: The InnoDB memory heap is disabled
2020-08-05 09:55:05 11876 [Note] InnoDB: Mutexes and rw_locks use Windows interlocked functions
2020-08-05 09:55:05 11876 [Note] InnoDB: Memory barrier is not used
2020-08-05 09:55:05 11876 [Note] InnoDB: Compressed tables use zlib 1.2.3
2020-08-05 09:55:05 11876 [Note] InnoDB: Not using CPU crc32 instructions
2020-08-05 09:55:05 11876 [Note] InnoDB: Initializing buffer pool, size = 128.0M
2020-08-05 09:55:05 11876 [Note] InnoDB: Completed initialization of buffer pool
2020-08-05 09:55:05 11876 [Note] InnoDB: Highest supported file format is Barracuda.
2020-08-05 09:55:05 11876 [Note] InnoDB: The log sequence numbers 1626134 and 1626134 in ibdata files do not match the log sequence number 1627046 in the ib_logfiles!
2020-08-05 09:55:05 11876 [Note] InnoDB: Database was not shutdown normally!
2020-08-05 09:55:05 11876 [Note] InnoDB: Starting crash recovery.
2020-08-05 09:55:05 11876 [Note] InnoDB: Reading tablespace information from the .ibd files...
2020-08-05 09:55:05 11876 [Note] InnoDB: Restoring possible half-written data pages 
2020-08-05 09:55:05 11876 [Note] InnoDB: from the doublewrite buffer...
2020-08-05 09:55:05 11876 [Note] InnoDB: 128 rollback segment(s) are active.
2020-08-05 09:55:05 11876 [Note] InnoDB: Waiting for purge to start
2020-08-05 09:55:05 11876 [Note] InnoDB: 5.6.34 started; log sequence number 1627046
2020-08-05 09:55:05 11876 [Note] Server hostname (bind-address): '*'; port: 3306
2020-08-05 09:55:05 11876 [Note] IPv6 is available.
2020-08-05 09:55:05 11876 [Note]   - '::' resolves to '::';
2020-08-05 09:55:05 11876 [Note] Server socket created on IP: '::'.
2020-08-05 09:56:20 2124 [Note] Plugin 'FEDERATED' is disabled.
2020-08-05 09:56:20 2124 [Note] InnoDB: Using atomics to ref count buffer pool pages
2020-08-05 09:56:20 2124 [Note] InnoDB: The InnoDB memory heap is disabled
2020-08-05 09:56:20 2124 [Note] InnoDB: Mutexes and rw_locks use Windows interlocked functions
2020-08-05 09:56:20 2124 [Note] InnoDB: Memory barrier is not used
2020-08-05 09:56:20 2124 [Note] InnoDB: Compressed tables use zlib 1.2.3
2020-08-05 09:56:20 2124 [Note] InnoDB: Not using CPU crc32 instructions
2020-08-05 09:56:20 2124 [Note] InnoDB: Initializing buffer pool, size = 128.0M
2020-08-05 09:56:20 2124 [Note] InnoDB: Completed initialization of buffer pool
2020-08-05 09:56:20 2124 [Note] InnoDB: Highest supported file format is Barracuda.
2020-08-05 09:56:20 2124 [Note] InnoDB: The log sequence numbers 1626134 and 1626134 in ibdata files do not match the log sequence number 1627056 in the ib_logfiles!
2020-08-05 09:56:20 2124 [Note] InnoDB: Database was not shutdown normally!
2020-08-05 09:56:20 2124 [Note] InnoDB: Starting crash recovery.
2020-08-05 09:56:20 2124 [Note] InnoDB: Reading tablespace information from the .ibd files...
2020-08-05 09:56:20 2124 [Note] InnoDB: Restoring possible half-written data pages 
2020-08-05 09:56:20 2124 [Note] InnoDB: from the doublewrite buffer...
2020-08-05 09:56:21 2124 [Note] InnoDB: 128 rollback segment(s) are active.
2020-08-05 09:56:21 2124 [Note] InnoDB: Waiting for purge to start
2020-08-05 09:56:21 2124 [Note] InnoDB: 5.6.34 started; log sequence number 1627056
2020-08-05 09:56:21 2124 [Note] Server hostname (bind-address): '*'; port: 3306
2020-08-05 09:56:21 2124 [Note] IPv6 is available.
2020-08-05 09:56:21 2124 [Note]   - '::' resolves to '::';
2020-08-05 09:56:21 2124 [Note] Server socket created on IP: '::'.
2020-08-05 10:19:55 2568 [Note] Plugin 'FEDERATED' is disabled.
2020-08-05 10:19:55 2568 [Note] InnoDB: Using atomics to ref count buffer pool pages
2020-08-05 10:19:55 2568 [Note] InnoDB: The InnoDB memory heap is disabled
2020-08-05 10:19:55 2568 [Note] InnoDB: Mutexes and rw_locks use Windows interlocked functions
2020-08-05 10:19:55 2568 [Note] InnoDB: Memory barrier is not used
2020-08-05 10:19:55 2568 [Note] InnoDB: Compressed tables use zlib 1.2.3
2020-08-05 10:19:55 2568 [Note] InnoDB: Not using CPU crc32 instructions
2020-08-05 10:19:55 2568 [Note] InnoDB: Initializing buffer pool, size = 128.0M
2020-08-05 10:19:55 2568 [Note] InnoDB: Completed initialization of buffer pool
2020-08-05 10:19:55 2568 [ERROR] InnoDB: F:\webscan\webscan\WEBSCAM_ATUALIZADO_08_2020\WebServer\mysql\data\ibdata1 can't be opened in read-write mode
2020-08-05 10:19:55 2568 [ERROR] InnoDB: The system tablespace must be writable!
2020-08-05 10:19:55 2568 [ERROR] Plugin 'InnoDB' init function returned error.
2020-08-05 10:19:55 2568 [ERROR] Plugin 'InnoDB' registration as a STORAGE ENGINE failed.
2020-08-05 10:19:55 2568 [ERROR] Unknown/unsupported storage engine: InnoDB
2020-08-05 10:19:55 2568 [ERROR] Aborting

2020-08-05 10:19:55 2568 [Note] Binlog end
2020-08-05 10:19:55 2568 [Note] Shutting down plugin 'partition'
2020-08-05 10:19:55 2568 [Note] Shutting down plugin 'PERFORMANCE_SCHEMA'
2020-08-05 10:19:55 2568 [Note] Shutting down plugin 'INNODB_SYS_DATAFILES'
2020-08-05 10:19:55 2568 [Note] Shutting down plugin 'INNODB_SYS_TABLESPACES'
2020-08-05 10:19:55 2568 [Note] Shutting down plugin 'INNODB_SYS_FOREIGN_COLS'
2020-08-05 10:19:55 2568 [Note] Shutting down plugin 'INNODB_SYS_FOREIGN'
2020-08-05 10:19:55 2568 [Note] Shutting down plugin 'INNODB_SYS_FIELDS'
2020-08-05 10:19:55 2568 [Note] Shutting down plugin 'INNODB_SYS_COLUMNS'
2020-08-05 10:19:55 2568 [Note] Shutting down plugin 'INNODB_SYS_INDEXES'
2020-08-05 10:19:55 2568 [Note] Shutting down plugin 'INNODB_SYS_TABLESTATS'
2020-08-05 10:19:55 2568 [Note] Shutting down plugin 'INNODB_SYS_TABLES'
2020-08-05 10:19:55 2568 [Note] Shutting down plugin 'INNODB_FT_INDEX_TABLE'
2020-08-05 10:19:55 2568 [Note] Shutting down plugin 'INNODB_FT_INDEX_CACHE'
2020-08-05 10:19:55 2568 [Note] Shutting down plugin 'INNODB_FT_CONFIG'
2020-08-05 10:19:55 2568 [Note] Shutting down plugin 'INNODB_FT_BEING_DELETED'
2020-08-05 10:19:55 2568 [Note] Shutting down plugin 'INNODB_FT_DELETED'
2020-08-05 10:19:55 2568 [Note] Shutting down plugin 'INNODB_FT_DEFAULT_STOPWORD'
2020-08-05 10:19:55 2568 [Note] Shutting down plugin 'INNODB_METRICS'
2020-08-05 10:19:55 2568 [Note] Shutting down plugin 'INNODB_BUFFER_POOL_STATS'
2020-08-05 10:19:55 2568 [Note] Shutting down plugin 'INNODB_BUFFER_PAGE_LRU'
2020-08-05 10:19:55 2568 [Note] Shutting down plugin 'INNODB_BUFFER_PAGE'
2020-08-05 10:19:55 2568 [Note] Shutting down plugin 'INNODB_CMP_PER_INDEX_RESET'
2020-08-05 10:19:55 2568 [Note] Shutting down plugin 'INNODB_CMP_PER_INDEX'
2020-08-05 10:19:55 2568 [Note] Shutting down plugin 'INNODB_CMPMEM_RESET'
2020-08-05 10:19:55 2568 [Note] Shutting down plugin 'INNODB_CMPMEM'
2020-08-05 10:19:55 2568 [Note] Shutting down plugin 'INNODB_CMP_RESET'
2020-08-05 10:19:55 2568 [Note] Shutting down plugin 'INNODB_CMP'
2020-08-05 10:19:55 2568 [Note] Shutting down plugin 'INNODB_LOCK_WAITS'
2020-08-05 10:19:55 2568 [Note] Shutting down plugin 'INNODB_LOCKS'
2020-08-05 10:19:55 2568 [Note] Shutting down plugin 'INNODB_TRX'
2020-08-05 10:19:55 2568 [Note] Shutting down plugin 'BLACKHOLE'
2020-08-05 10:19:55 2568 [Note] Shutting down plugin 'ARCHIVE'
2020-08-05 10:19:55 2568 [Note] Shutting down plugin 'MRG_MYISAM'
2020-08-05 10:19:55 2568 [Note] Shutting down plugin 'MyISAM'
2020-08-05 10:19:55 2568 [Note] Shutting down plugin 'MEMORY'
2020-08-05 10:19:55 2568 [Note] Shutting down plugin 'CSV'
2020-08-05 10:19:55 2568 [Note] Shutting down plugin 'sha256_password'
2020-08-05 10:19:55 2568 [Note] Shutting down plugin 'mysql_old_password'
2020-08-05 10:19:55 2568 [Note] Shutting down plugin 'mysql_native_password'
2020-08-05 10:19:55 2568 [Note] Shutting down plugin 'binlog'
2020-08-05 10:19:55 2568 [Note] F:\webscan\webscan\WEBSCAM_ATUALIZADO_08_2020\WebServer/mysql/bin/mysqld_usbwv8.exe: Shutdown complete

2020-08-05 11:18:15 3420 [Note] Plugin 'FEDERATED' is disabled.
2020-08-05 11:18:15 3420 [Note] InnoDB: Using atomics to ref count buffer pool pages
2020-08-05 11:18:15 3420 [Note] InnoDB: The InnoDB memory heap is disabled
2020-08-05 11:18:15 3420 [Note] InnoDB: Mutexes and rw_locks use Windows interlocked functions
2020-08-05 11:18:15 3420 [Note] InnoDB: Memory barrier is not used
2020-08-05 11:18:15 3420 [Note] InnoDB: Compressed tables use zlib 1.2.3
2020-08-05 11:18:15 3420 [Note] InnoDB: Not using CPU crc32 instructions
2020-08-05 11:18:15 3420 [Note] InnoDB: Initializing buffer pool, size = 128.0M
2020-08-05 11:18:15 3420 [Note] InnoDB: Completed initialization of buffer pool
2020-08-05 11:18:15 3420 [Note] InnoDB: Highest supported file format is Barracuda.
2020-08-05 11:18:15 3420 [Note] InnoDB: The log sequence numbers 1626134 and 1626134 in ibdata files do not match the log sequence number 1627066 in the ib_logfiles!
2020-08-05 11:18:15 3420 [Note] InnoDB: Database was not shutdown normally!
2020-08-05 11:18:15 3420 [Note] InnoDB: Starting crash recovery.
2020-08-05 11:18:15 3420 [Note] InnoDB: Reading tablespace information from the .ibd files...
2020-08-05 11:18:15 3420 [Note] InnoDB: Restoring possible half-written data pages 
2020-08-05 11:18:15 3420 [Note] InnoDB: from the doublewrite buffer...
2020-08-05 11:18:16 3420 [Note] InnoDB: 128 rollback segment(s) are active.
2020-08-05 11:18:16 3420 [Note] InnoDB: Waiting for purge to start
2020-08-05 11:18:16 3420 [Note] InnoDB: 5.6.34 started; log sequence number 1627066
2020-08-05 11:18:16 3420 [Note] Server hostname (bind-address): '*'; port: 3306
2020-08-05 11:18:16 3420 [Note] IPv6 is available.
2020-08-05 11:18:16 3420 [Note]   - '::' resolves to '::';
2020-08-05 11:18:16 3420 [Note] Server socket created on IP: '::'.
2020-08-05 11:18:16 3420 [Note] Event Scheduler: Loaded 0 events
2020-08-05 11:18:16 3420 [Note] F:\webscan\webscan\WEBSCAM_ATUALIZADO_08_2020\WebServer/mysql/bin/mysqld_usbwv8.exe: ready for connections.
Version: '5.6.34'  socket: ''  port: 3306  MySQL Community Server (GPL)
