::1 - - [27/Jun/2025:10:42:38 -0300] "GET / HTTP/1.1" 302 -
::1 - - [27/Jun/2025:10:42:38 -0300] "GET /WebServer HTTP/1.1" 301 240
::1 - - [27/Jun/2025:10:42:38 -0300] "GET /WebServer/ HTTP/1.1" 200 15647
::1 - - [27/Jun/2025:10:42:38 -0300] "GET /WebServer/libs/perfect-scrollbar/css/perfect-scrollbar.css HTTP/1.1" 200 6012
::1 - - [27/Jun/2025:10:42:38 -0300] "GET /WebServer/libs/jquery-ui/jquery-ui.min.css HTTP/1.1" 200 30753
::1 - - [27/Jun/2025:10:42:38 -0300] "GET /WebServer/libs/potree/potree.css HTTP/1.1" 200 11923
::1 - - [27/Jun/2025:10:42:38 -0300] "GET /WebServer/libs/spectrum/spectrum.css HTTP/1.1" 200 15428
::1 - - [27/Jun/2025:10:42:38 -0300] "GET /WebServer/libs/jstree/themes/mixed/style.css HTTP/1.1" 200 32963
::1 - - [27/Jun/2025:10:42:38 -0300] "GET /WebServer/libs/openlayers3/ol.css HTTP/1.1" 200 3645
::1 - - [27/Jun/2025:10:42:38 -0300] "GET /WebServer/assets/logout_white_24dp.svg HTTP/1.1" 200 324
::1 - - [27/Jun/2025:10:42:38 -0300] "GET /WebServer/assets/comments_list.svg HTTP/1.1" 200 337
::1 - - [27/Jun/2025:10:42:38 -0300] "GET /WebServer/img/logo-webscan-em-branco.svg HTTP/1.1" 200 10120
::1 - - [27/Jun/2025:10:42:38 -0300] "GET /WebServer/libs/perfect-scrollbar/js/perfect-scrollbar.jquery.js HTTP/1.1" 200 49061
::1 - - [27/Jun/2025:10:42:38 -0300] "GET /WebServer/libs/spectrum/spectrum.js HTTP/1.1" 200 82157
::1 - - [27/Jun/2025:10:42:38 -0300] "GET /WebServer/libs/three.js/build/three.min.js HTTP/1.1" 200 505297
::1 - - [27/Jun/2025:10:42:38 -0300] "GET /WebServer/libs/other/OBJLoader.js HTTP/1.1" 200 17898
::1 - - [27/Jun/2025:10:42:38 -0300] "GET /WebServer/libs/other/BinaryHeap.js HTTP/1.1" 200 3980
::1 - - [27/Jun/2025:10:42:38 -0300] "GET /WebServer/libs/jquery/jquery-3.1.1.min.js HTTP/1.1" 200 86713
::1 - - [27/Jun/2025:10:42:38 -0300] "GET /WebServer/libs/other/PLYLoader.js HTTP/1.1" 200 11328
::1 - - [27/Jun/2025:10:42:38 -0300] "GET /WebServer/libs/tween/tween.min.js HTTP/1.1" 200 5767
::1 - - [27/Jun/2025:10:42:38 -0300] "GET /WebServer/libs/jquery-ui/jquery-ui.min.js HTTP/1.1" 200 253680
::1 - - [27/Jun/2025:10:42:38 -0300] "GET /WebServer/libs/i18next/i18next.js HTTP/1.1" 200 31514
::1 - - [27/Jun/2025:10:42:38 -0300] "GET /WebServer/libs/proj4/proj4.js HTTP/1.1" 200 74191
::1 - - [27/Jun/2025:10:42:38 -0300] "GET /WebServer/libs/plasio/js/laslaz.js HTTP/1.1" 200 10818
::1 - - [27/Jun/2025:10:42:38 -0300] "GET /WebServer/libs/d3/d3.js HTTP/1.1" 200 345899
::1 - - [27/Jun/2025:10:42:38 -0300] "GET /WebServer/libs/jstree/jstree.js HTTP/1.1" 200 306864
::1 - - [27/Jun/2025:10:42:38 -0300] "GET /WebServer/libs/potree/potree.js HTTP/1.1" 200 700355
::1 - - [27/Jun/2025:10:42:38 -0300] "GET /WebServer/libs/openlayers3/ol.js HTTP/1.1" 200 510134
::1 - - [27/Jun/2025:10:42:38 -0300] "GET /favicon.ico HTTP/1.1" 404 196
::1 - - [27/Jun/2025:10:42:45 -0300] "GET /.well-known/appspecific/com.chrome.devtools.json HTTP/1.1" 404 196
